[2014-03-17 00:50:55][PetakUmpet DEBUG] Process: getting application app/frontend/LoginApplication.php
[2014-03-17 00:50:55][PetakUmpet DEBUG] Process: loading \frontend\LoginApplication->indexAction
[2014-03-17 00:50:56][PetakUmpet INFO ] Database: preparedQuery QUERY  = SELECT a.attnum as colnum, a.attname as column, c.typname as type, a.atttypmod as maxlen, a.attlen as varlen, case when a.attndims <> 0 then 1 else 0 end as isarray, case when d.contype ='p' then 1 else 0 end as primary, case when a.attnotnull ='t' then 1 else 0 end as notnull FROM pg_attribute a JOIN pg_class b ON a.attrelid=b.oid JOIN pg_type c ON a.atttypid = c.oid LEFT JOIN pg_constraint d on a.attrelid = d.conrelid AND a.attnum = ANY(d.conkey) WHERE b.relname = ? AND a.attnum > 0 AND a.attisdropped = false ORDER BY a.attnum 
[2014-03-17 00:50:56][PetakUmpet INFO ] Database: preparedQuery PARAMS, KEYS = (0) VALUES = (event)
[2014-03-17 00:50:56][PetakUmpet INFO ] Database: preparedQuery QUERY  = SELECT a.conname, b.relname AS srctable, c.attname as srcid, d.relname AS dsttable, e.attname AS dstid FROM (   SELECT conname, confrelid, conrelid,      unnest(r.conkey) as ccol, unnest(r.confkey) as pcol   FROM pg_catalog.pg_constraint r WHERE contype = 'f' ) a JOIN pg_class b ON a.conrelid = b.oid JOIN pg_attribute c ON a.conrelid = c.attrelid AND a.ccol = c.attnum JOIN pg_class d ON a.confrelid = d.oid JOIN pg_attribute e ON a.confrelid = e.attrelid AND a.pcol = e.attnum WHERE b.relname = ?
[2014-03-17 00:50:56][PetakUmpet INFO ] Database: preparedQuery PARAMS, KEYS = (0) VALUES = (event)
[2014-03-17 00:50:56][PetakUmpet INFO ] Database: preparedQuery QUERY  = INSERT INTO event ("application","module","action","event","created_at") VALUES ( :application,:module,:action,:event,:created_at)  RETURNING id
[2014-03-17 00:50:56][PetakUmpet INFO ] Database: preparedQuery PARAM: `2` for COLUMN: `application` (VALUE: `frontend`)
[2014-03-17 00:50:56][PetakUmpet INFO ] Database: preparedQuery PARAM: `2` for COLUMN: `module` (VALUE: `Login`)
[2014-03-17 00:50:56][PetakUmpet INFO ] Database: preparedQuery PARAM: `2` for COLUMN: `action` (VALUE: `index`)
[2014-03-17 00:50:56][PetakUmpet INFO ] Database: preparedQuery PARAM: `2` for COLUMN: `event` (VALUE: `loading`)
[2014-03-17 00:50:56][PetakUmpet INFO ] Database: preparedQuery PARAM: `2` for COLUMN: `created_at` (VALUE: `2014-03-17 00:50:56`)
[2014-03-17 00:50:56][PetakUmpet INFO ] Database: preparedQuery PARAMS, KEYS = (application,module,action,event,created_at) VALUES = (frontend,Login,index,loading,2014-03-17 00:50:56)
[2014-03-17 00:50:56][PetakUmpet DEBUG] Response: using template /var/www/docs/lib/PetakUmpet/../..//app/frontend/View/Login/index.php
[2014-03-17 00:50:56][PetakUmpet DEBUG] Layout: rendering  using /var/www/docs/lib/PetakUmpet/../..//app/frontend/View/layout.php
[2014-03-17 00:51:21][PetakUmpet DEBUG] Process: getting application app/frontend/HomeApplication.php
[2014-03-17 00:51:21][PetakUmpet DEBUG] Process: loading \frontend\HomeApplication->indexAction
[2014-03-17 00:51:21][PetakUmpet INFO ] Database: preparedQuery QUERY  = SELECT a.attnum as colnum, a.attname as column, c.typname as type, a.atttypmod as maxlen, a.attlen as varlen, case when a.attndims <> 0 then 1 else 0 end as isarray, case when d.contype ='p' then 1 else 0 end as primary, case when a.attnotnull ='t' then 1 else 0 end as notnull FROM pg_attribute a JOIN pg_class b ON a.attrelid=b.oid JOIN pg_type c ON a.atttypid = c.oid LEFT JOIN pg_constraint d on a.attrelid = d.conrelid AND a.attnum = ANY(d.conkey) WHERE b.relname = ? AND a.attnum > 0 AND a.attisdropped = false ORDER BY a.attnum 
[2014-03-17 00:51:21][PetakUmpet INFO ] Database: preparedQuery PARAMS, KEYS = (0) VALUES = (event)
[2014-03-17 00:51:21][PetakUmpet INFO ] Database: preparedQuery QUERY  = SELECT a.conname, b.relname AS srctable, c.attname as srcid, d.relname AS dsttable, e.attname AS dstid FROM (   SELECT conname, confrelid, conrelid,      unnest(r.conkey) as ccol, unnest(r.confkey) as pcol   FROM pg_catalog.pg_constraint r WHERE contype = 'f' ) a JOIN pg_class b ON a.conrelid = b.oid JOIN pg_attribute c ON a.conrelid = c.attrelid AND a.ccol = c.attnum JOIN pg_class d ON a.confrelid = d.oid JOIN pg_attribute e ON a.confrelid = e.attrelid AND a.pcol = e.attnum WHERE b.relname = ?
[2014-03-17 00:51:21][PetakUmpet INFO ] Database: preparedQuery PARAMS, KEYS = (0) VALUES = (event)
[2014-03-17 00:51:21][PetakUmpet INFO ] Database: preparedQuery QUERY  = INSERT INTO event ("application","event","created_at") VALUES ( :application,:event,:created_at)  RETURNING id
[2014-03-17 00:51:21][PetakUmpet INFO ] Database: preparedQuery PARAM: `2` for COLUMN: `application` (VALUE: `frontend`)
[2014-03-17 00:51:21][PetakUmpet INFO ] Database: preparedQuery PARAM: `2` for COLUMN: `event` (VALUE: `loading`)
[2014-03-17 00:51:21][PetakUmpet INFO ] Database: preparedQuery PARAM: `2` for COLUMN: `created_at` (VALUE: `2014-03-17 00:51:21`)
[2014-03-17 00:51:21][PetakUmpet INFO ] Database: preparedQuery PARAMS, KEYS = (application,event,created_at) VALUES = (frontend,loading,2014-03-17 00:51:21)
[2014-03-17 00:51:21][PetakUmpet DEBUG] Response: using template /var/www/docs/lib/PetakUmpet/../..//app/frontend/View/Home/index.php
[2014-03-17 00:51:21][PetakUmpet DEBUG] Layout: rendering  using /var/www/docs/lib/PetakUmpet/../..//app/frontend/View/layout.php
